[{"message":"[snapshot] received sha256:c7e67624a396b273d9c95648da004199d83667f4aa37e16491785624555aceca md5:d8d98721485c58a7d57389b446285975","timestamp":"2025-12-14T18:52:07.906859332Z"},{"message":"receiving snapshot","timestamp":"2025-12-14T18:52:07.907011810Z"},{"message":"analyzing snapshot","timestamp":"2025-12-14T18:52:07.918451064Z"},{"message":"uploading snapshot","timestamp":"2025-12-14T18:52:07.938623500Z"},{"message":"fetched snapshot sha256:c7e67624a396b273d9c95648da004199d83667f4aa37e16491785624555aceca (14 kB bytes)","timestamp":"2025-12-14T18:52:14.950056298Z"},{"message":"fetching snapshot","timestamp":"2025-12-14T18:52:14.950263830Z"},{"message":"unpacking archive","timestamp":"2025-12-14T18:52:15.618508189Z"},{"message":"using build driver railpack-v0.15.1","timestamp":"2025-12-14T18:52:16.301388358Z"},{"message":"                   ","timestamp":"2025-12-14T18:52:17.138344732Z"},{"message":"\u001b[38;2;125;86;243m‚ï≠‚îÄ‚îÄ‚îÄ‚îÄ‚îÄ‚îÄ‚îÄ‚îÄ‚îÄ‚îÄ‚îÄ‚îÄ‚îÄ‚îÄ‚îÄ‚îÄ‚îÄ‚ïÆ\u001b[0m","timestamp":"2025-12-14T18:52:17.138369088Z"},{"message":"\u001b[38;2;125;86;243m‚îÇ\u001b[0m Railpack 0.15.1 \u001b[38;2;125;86;243m‚îÇ\u001b[0m","timestamp":"2025-12-14T18:52:17.138370981Z"},{"message":"\u001b[38;2;125;86;243m‚ï∞‚îÄ‚îÄ‚îÄ‚îÄ‚îÄ‚îÄ‚îÄ‚îÄ‚îÄ‚îÄ‚îÄ‚îÄ‚îÄ‚îÄ‚îÄ‚îÄ‚îÄ‚ïØ\u001b[0m","timestamp":"2025-12-14T18:52:17.138371882Z"},{"message":"","timestamp":"2025-12-14T18:52:17.138372714Z"},{"message":"  \u001b[97m‚Ü≥ Detected Python\u001b[0m","timestamp":"2025-12-14T18:52:17.138374707Z"},{"message":"  \u001b[97m‚Ü≥ Using pip\u001b[0m","timestamp":"2025-12-14T18:52:17.138375628Z"},{"message":"            ","timestamp":"2025-12-14T18:52:17.138377681Z"},{"message":"  \u001b[1mPackages\u001b[0m  ","timestamp":"2025-12-14T18:52:17.138378452Z"},{"message":"  \u001b[38;5;238m‚îÄ‚îÄ‚îÄ‚îÄ‚îÄ‚îÄ‚îÄ‚îÄ‚îÄ‚îÄ\u001b[0m","timestamp":"2025-12-14T18:52:17.138380435Z"},{"message":"  \u001b[95mpython\u001b[0m  \u001b[38;5;238m‚îÇ\u001b[0m  \u001b[96m3.13.11\u001b[0m  \u001b[38;5;238m‚îÇ\u001b[0m  railpack default (3.13)","timestamp":"2025-12-14T18:52:17.138382629Z"},{"message":"            ","timestamp":"2025-12-14T18:52:17.138383520Z"},{"message":"  \u001b[1mSteps\u001b[0m     ","timestamp":"2025-12-14T18:52:17.138384311Z"},{"message":"  \u001b[38;5;238m‚îÄ‚îÄ‚îÄ‚îÄ‚îÄ‚îÄ‚îÄ‚îÄ‚îÄ‚îÄ\u001b[0m","timestamp":"2025-12-14T18:52:17.138385072Z"},{"message":"  \u001b[95m‚ñ∏ install\u001b[0m","timestamp":"2025-12-14T18:52:17.138385954Z"},{"message":"    \u001b[38;5;245m$\u001b[0m \u001b[1mpython -m venv /app/.venv\u001b[0m","timestamp":"2025-12-14T18:52:17.138387906Z"},{"message":"    \u001b[38;5;245m$\u001b[0m \u001b[1mpip install -r requirements.txt\u001b[0m","timestamp":"2025-12-14T18:52:17.138389048Z"},{"message":"         ","timestamp":"2025-12-14T18:52:17.138389880Z"},{"message":"  \u001b[95m‚ñ∏ build\u001b[0m","timestamp":"2025-12-14T18:52:17.138390751Z"},{"message":"    \u001b[38;5;245m$\u001b[0m \u001b[1mpip install -r requirements.txt\u001b[0m","timestamp":"2025-12-14T18:52:17.138391462Z"},{"message":"            ","timestamp":"2025-12-14T18:52:17.138392153Z"},{"message":"  \u001b[1mDeploy\u001b[0m    ","timestamp":"2025-12-14T18:52:17.138392854Z"},{"message":"  \u001b[38;5;238m‚îÄ‚îÄ‚îÄ‚îÄ‚îÄ‚îÄ‚îÄ‚îÄ‚îÄ‚îÄ\u001b[0m","timestamp":"2025-12-14T18:52:17.138394476Z"},{"message":"    \u001b[38;5;245m$\u001b[0m \u001b[1muvicorn app.main:app --host 0.0.0.0 --port $PORT\u001b[0m","timestamp":"2025-12-14T18:52:17.138395328Z"},{"message":"","timestamp":"2025-12-14T18:52:17.138396470Z"},{"message":"resolve image config for docker-image://ghcr.io/railwayapp/railpack-frontend:v0.15.1","timestamp":"2025-12-14T18:52:17.929734317Z"},{"message":"resolve image config for docker-image://ghcr.io/railwayapp/railpack-frontend:v0.15.1","timestamp":"2025-12-14T18:52:18.243453410Z"},{"message":"docker-image://ghcr.io/railwayapp/railpack-frontend:v0.15.1@sha256:a4ad3453868dd475784adfd7eb98fb4aa0e1a532a9ff8f668d64cf21bd3908a7","timestamp":"2025-12-14T18:52:18.243542443Z"},{"message":"docker-image://ghcr.io/railwayapp/railpack-frontend:v0.15.1@sha256:a4ad3453868dd475784adfd7eb98fb4aa0e1a532a9ff8f668d64cf21bd3908a7","timestamp":"2025-12-14T18:52:18.244068412Z"},{"message":"docker-image://ghcr.io/railwayapp/railpack-frontend:v0.15.1@sha256:a4ad3453868dd475784adfd7eb98fb4aa0e1a532a9ff8f668d64cf21bd3908a7","timestamp":"2025-12-14T18:52:18.253879393Z"},{"message":"docker-image://ghcr.io/railwayapp/railpack-frontend:v0.15.1@sha256:a4ad3453868dd475784adfd7eb98fb4aa0e1a532a9ff8f668d64cf21bd3908a7","timestamp":"2025-12-14T18:52:18.254231441Z"},{"message":"load build definition from ./railpack-plan.json","timestamp":"2025-12-14T18:52:18.485121467Z"},{"message":"load build definition from ./railpack-plan.json","timestamp":"2025-12-14T18:52:18.485534917Z"},{"message":"load build definition from ./railpack-plan.json","timestamp":"2025-12-14T18:52:18.485939544Z"},{"message":"load build definition from ./railpack-plan.json","timestamp":"2025-12-14T18:52:18.632639672Z"},{"message":"copy /etc/mise/config.toml","timestamp":"2025-12-14T18:52:18.725612138Z"},{"message":"loading .","timestamp":"2025-12-14T18:52:18.725617926Z"},{"message":"install mise packages: python","timestamp":"2025-12-14T18:52:18.725618437Z"},{"message":"[railpack] secrets hash","timestamp":"2025-12-14T18:52:18.725618848Z"},{"message":"copy requirements.txt","timestamp":"2025-12-14T18:52:18.725619128Z"},{"message":"create mise config","timestamp":"2025-12-14T18:52:18.725619428Z"},{"message":"pip install -r requirements.txt","timestamp":"2025-12-14T18:52:18.725619739Z"},{"message":"docker-image://ghcr.io/railwayapp/railpack-builder:latest","timestamp":"2025-12-14T18:52:18.725620210Z"},{"message":"[railpack] merge ghcr.io/railwayapp/railpack-runtime:latest, $packages:mise, $build, $build","timestamp":"2025-12-14T18:52:18.725620490Z"},{"message":"copy /mise/shims","timestamp":"2025-12-14T18:52:18.725620780Z"},{"message":"copy .","timestamp":"2025-12-14T18:52:18.725621061Z"},{"message":"pip install -r requirements.txt","timestamp":"2025-12-14T18:52:18.725621371Z"},{"message":"copy /usr/local/bin/mise","timestamp":"2025-12-14T18:52:18.725621652Z"},{"message":"copy /mise/installs","timestamp":"2025-12-14T18:52:18.725621942Z"},{"message":"copy / /app","timestamp":"2025-12-14T18:52:18.725622222Z"},{"message":"copy /app/.venv","timestamp":"2025-12-14T18:52:18.725622653Z"},{"message":"mkdir /etc/mise","timestamp":"2025-12-14T18:52:18.725622934Z"},{"message":"copy /root/.local/state/mise","timestamp":"2025-12-14T18:52:18.725623214Z"},{"message":"copy /app","timestamp":"2025-12-14T18:52:18.725623535Z"},{"message":"docker-image://ghcr.io/railwayapp/railpack-runtime:latest","timestamp":"2025-12-14T18:52:18.725623825Z"},{"message":"python -m venv /app/.venv","timestamp":"2025-12-14T18:52:18.725624105Z"},{"message":"docker-image://ghcr.io/railwayapp/railpack-runtime:latest","timestamp":"2025-12-14T18:52:18.726009323Z"},{"message":"docker-image://ghcr.io/railwayapp/railpack-builder:latest","timestamp":"2025-12-14T18:52:18.726152729Z"},{"message":"[railpack] secrets hash","timestamp":"2025-12-14T18:52:18.726156895Z"},{"message":"loading .","timestamp":"2025-12-14T18:52:18.726157846Z"},{"message":"docker-image://ghcr.io/railwayapp/railpack-builder:latest","timestamp":"2025-12-14T18:52:19.025775961Z"},{"message":"loading .","timestamp":"2025-12-14T18:52:19.026853087Z"},{"message":"mkdir /etc/mise","timestamp":"2025-12-14T18:52:19.026853859Z"},{"message":"create mise config","timestamp":"2025-12-14T18:52:19.026854229Z"},{"message":"[railpack] secrets hash","timestamp":"2025-12-14T18:52:19.027152427Z"},{"message":"create mise config","timestamp":"2025-12-14T18:52:19.055646839Z"},{"message":"install mise packages: python","timestamp":"2025-12-14T18:52:19.055670805Z"},{"message":"docker-image://ghcr.io/railwayapp/railpack-runtime:latest","timestamp":"2025-12-14T18:52:19.066825742Z"},{"message":"[railpack] secrets hash","timestamp":"2025-12-14T18:52:19.297388167Z"},{"message":"loading .","timestamp":"2025-12-14T18:52:19.397435487Z"},{"message":"mise python@3.13.11  install\n","timestamp":"2025-12-14T18:52:19.518139851Z"},{"message":"mise python@3.13.11  download cpython-3.13.11+20251209-x86_64-unknown-linux-gnu-install_only_stripped.tar.gz\n","timestamp":"2025-12-14T18:52:19.518802816Z"},{"message":"mise python@3.13.11  extract cpython-3.13.11+20251209-x86_64-unknown-linux-gnu-install_only_stripped.tar.gz\n","timestamp":"2025-12-14T18:52:19.974193541Z"},{"message":"mise python@3.13.11  python --version\n","timestamp":"2025-12-14T18:52:20.66387919Z"},{"message":"mise python@3.13.11  Python 3.13.11\n","timestamp":"2025-12-14T18:52:20.666919652Z"},{"message":"mise python@3.13.11 ‚úì installed\n","timestamp":"2025-12-14T18:52:20.683310385Z"},{"message":"install mise packages: python","timestamp":"2025-12-14T18:52:21.045868264Z"},{"message":"python -m venv /app/.venv","timestamp":"2025-12-14T18:52:21.074392392Z"},{"message":"python -m venv /app/.venv","timestamp":"2025-12-14T18:52:24.493141761Z"},{"message":"copy requirements.txt","timestamp":"2025-12-14T18:52:24.525677197Z"},{"message":"copy requirements.txt","timestamp":"2025-12-14T18:52:24.798557926Z"},{"message":"pip install -r requirements.txt","timestamp":"2025-12-14T18:52:24.836695557Z"},{"message":"Collecting fastapi==0.104.1 (from -r requirements.txt (line 2))\n","timestamp":"2025-12-14T18:52:25.840175832Z"},{"message":"  Downloading fastapi-0.104.1-py3-none-any.whl.metadata (24 kB)\n","timestamp":"2025-12-14T18:52:25.860278654Z"},{"message":"Collecting uvicorn==0.24.0 (from uvicorn[standard]==0.24.0->-r requirements.txt (line 3))\n","timestamp":"2025-12-14T18:52:25.890562382Z"},{"message":"  Downloading uvicorn-0.24.0-py3-none-any.whl.metadata (6.4 kB)\n","timestamp":"2025-12-14T18:52:25.894859329Z"},{"message":"Collecting pydantic==2.5.0 (from -r requirements.txt (line 4))\n","timestamp":"2025-12-14T18:52:25.978592882Z"},{"message":"  Downloading pydantic-2.5.0-py3-none-any.whl.metadata (174 kB)\n","timestamp":"2025-12-14T18:52:25.983273875Z"},{"message":"Collecting sqlalchemy==2.0.23 (from -r requirements.txt (line 5))\n","timestamp":"2025-12-14T18:52:26.213211532Z"},{"message":"  Downloading SQLAlchemy-2.0.23-py3-none-any.whl.metadata (9.6 kB)\n","timestamp":"2025-12-14T18:52:26.218317133Z"},{"message":"Collecting alembic==1.12.1 (from -r requirements.txt (line 6))\n","timestamp":"2025-12-14T18:52:26.247035381Z"},{"message":"  Downloading alembic-1.12.1-py3-none-any.whl.metadata (7.3 kB)\n","timestamp":"2025-12-14T18:52:26.251855974Z"},{"message":"Collecting pytest==7.4.3 (from -r requirements.txt (line 9))\n","timestamp":"2025-12-14T18:52:26.285421676Z"},{"message":"  Downloading pytest-7.4.3-py3-none-any.whl.metadata (7.9 kB)\n","timestamp":"2025-12-14T18:52:26.290077802Z"},{"message":"Collecting pytest-asyncio==0.21.1 (from -r requirements.txt (line 10))\n","timestamp":"2025-12-14T18:52:26.31431707Z"},{"message":"  Downloading pytest_asyncio-0.21.1-py3-none-any.whl.metadata (4.0 kB)\n","timestamp":"2025-12-14T18:52:26.319025545Z"},{"message":"Collecting httpx==0.25.2 (from -r requirements.txt (line 11))\n","timestamp":"2025-12-14T18:52:26.33892324Z"},{"message":"  Downloading httpx-0.25.2-py3-none-any.whl.metadata (6.9 kB)\n","timestamp":"2025-12-14T18:52:26.343085104Z"},{"message":"Collecting websockets==12.0 (from -r requirements.txt (line 12))\n","timestamp":"2025-12-14T18:52:26.404247331Z"},{"message":"  Downloading websockets-12.0-py3-none-any.whl.metadata (6.6 kB)\n","timestamp":"2025-12-14T18:52:26.408563497Z"},{"message":"Collecting aiosqlite==0.19.0 (from -r requirements.txt (line 15))\n","timestamp":"2025-12-14T18:52:26.425809463Z"},{"message":"  Downloading aiosqlite-0.19.0-py3-none-any.whl.metadata (4.3 kB)\n","timestamp":"2025-12-14T18:52:26.430348954Z"},{"message":"Collecting playwright==1.40.0 (from -r requirements.txt (line 18))\n","timestamp":"2025-12-14T18:52:26.463275156Z"},{"message":"  Downloading playwright-1.40.0-py3-none-manylinux1_x86_64.whl.metadata (3.6 kB)\n","timestamp":"2025-12-14T18:52:26.468859445Z"},{"message":"Collecting anyio<4.0.0,>=3.7.1 (from fastapi==0.104.1->-r requirements.txt (line 2))\n","timestamp":"2025-12-14T18:52:26.492069749Z"},{"message":"  Downloading anyio-3.7.1-py3-none-any.whl.metadata (4.7 kB)\n","timestamp":"2025-12-14T18:52:26.49532275Z"},{"message":"Collecting starlette<0.28.0,>=0.27.0 (from fastapi==0.104.1->-r requirements.txt (line 2))\n","timestamp":"2025-12-14T18:52:26.53801811Z"},{"message":"  Downloading starlette-0.27.0-py3-none-any.whl.metadata (5.8 kB)\n","timestamp":"2025-12-14T18:52:26.541899774Z"},{"message":"Collecting typing-extensions>=4.8.0 (from fastapi==0.104.1->-r requirements.txt (line 2))\n","timestamp":"2025-12-14T18:52:26.560947323Z"},{"message":"  Downloading typing_extensions-4.15.0-py3-none-any.whl.metadata (3.3 kB)\n","timestamp":"2025-12-14T18:52:26.564272121Z"},{"message":"Collecting annotated-types>=0.4.0 (from pydantic==2.5.0->-r requirements.txt (line 4))\n","timestamp":"2025-12-14T18:52:26.577707059Z"},{"message":"  Downloading annotated_types-0.7.0-py3-none-any.whl.metadata (15 kB)\n","timestamp":"2025-12-14T18:52:26.581092288Z"},{"message":"scheduling build on Metal builder \"builder-oufvcp\"","timestamp":"2025-12-14T18:52:26.786737216Z"},{"message":"Collecting pydantic-core==2.14.1 (from pydantic==2.5.0->-r requirements.txt (line 4))\n","timestamp":"2025-12-14T18:52:27.087541582Z"},{"message":"  Downloading pydantic_core-2.14.1.tar.gz (359 kB)\n","timestamp":"2025-12-14T18:52:27.09185938Z"},{"message":"  Installing build dependencies: started\n","timestamp":"2025-12-14T18:52:27.153198623Z"},{"message":"docker-image://ghcr.io/railwayapp/railpack-runtime:latest","timestamp":"2025-12-14T18:52:27.333953576Z"},{"message":"docker-image://ghcr.io/railwayapp/railpack-runtime:latest","timestamp":"2025-12-14T18:52:27.395825639Z"},{"message":"  Installing build dependencies: finished with status 'done'\n","timestamp":"2025-12-14T18:52:28.360901803Z"},{"message":"  Getting requirements to build wheel: started\n","timestamp":"2025-12-14T18:52:28.361848974Z"},{"message":"  Getting requirements to build wheel: finished with status 'done'\n","timestamp":"2025-12-14T18:52:28.556689191Z"},{"message":"  Installing backend dependencies: started\n","timestamp":"2025-12-14T18:52:28.55852837Z"},{"message":"  Installing backend dependencies: finished with status 'done'\n","timestamp":"2025-12-14T18:52:29.79649679Z"},{"message":"  Preparing metadata (pyproject.toml): started\n","timestamp":"2025-12-14T18:52:29.797502749Z"},{"message":"scheduling build on Metal builder \"builder-oufvcp\"","timestamp":"2025-12-14T18:52:33.858906366Z"},{"message":"  Preparing metadata (pyproject.toml): finished with status 'done'\n","timestamp":"2025-12-14T18:52:44.558684249Z"},{"message":"Collecting click>=7.0 (from uvicorn==0.24.0->uvicorn[standard]==0.24.0->-r requirements.txt (line 3))\n","timestamp":"2025-12-14T18:52:44.611425271Z"},{"message":"  Downloading click-8.3.1-py3-none-any.whl.metadata (2.6 kB)\n","timestamp":"2025-12-14T18:52:44.616045233Z"},{"message":"Collecting h11>=0.8 (from uvicorn==0.24.0->uvicorn[standard]==0.24.0->-r requirements.txt (line 3))\n","timestamp":"2025-12-14T18:52:44.649799828Z"},{"message":"  Using cached h11-0.16.0-py3-none-any.whl.metadata (8.3 kB)\n","timestamp":"2025-12-14T18:52:44.652018798Z"},{"message":"Collecting greenlet!=0.4.17 (from sqlalchemy==2.0.23->-r requirements.txt (line 5))\n","timestamp":"2025-12-14T18:52:44.772438374Z"},{"message":"  Downloading greenlet-3.3.0-cp313-cp313-manylinux_2_24_x86_64.manylinux_2_28_x86_64.whl.metadata (4.1 kB)\n","timestamp":"2025-12-14T18:52:44.777253469Z"},{"message":"Collecting Mako (from alembic==1.12.1->-r requirements.txt (line 6))\n","timestamp":"2025-12-14T18:52:44.825611595Z"},{"message":"  Downloading mako-1.3.10-py3-none-any.whl.metadata (2.9 kB)\n","timestamp":"2025-12-14T18:52:44.829158307Z"},{"message":"Collecting iniconfig (from pytest==7.4.3->-r requirements.txt (line 9))\n","timestamp":"2025-12-14T18:52:45.035567872Z"},{"message":"  Downloading iniconfig-2.3.0-py3-none-any.whl.metadata (2.5 kB)\n","timestamp":"2025-12-14T18:52:45.040242185Z"},{"message":"Collecting packaging (from pytest==7.4.3->-r requirements.txt (line 9))\n","timestamp":"2025-12-14T18:52:45.101921108Z"},{"message":"  Downloading packaging-25.0-py3-none-any.whl.metadata (3.3 kB)\n","timestamp":"2025-12-14T18:52:45.10648102Z"},{"message":"Collecting pluggy<2.0,>=0.12 (from pytest==7.4.3->-r requirements.txt (line 9))\n","timestamp":"2025-12-14T18:52:45.135943836Z"},{"message":"  Downloading pluggy-1.6.0-py3-none-any.whl.metadata (4.8 kB)\n","timestamp":"2025-12-14T18:52:45.140434844Z"},{"message":"Collecting certifi (from httpx==0.25.2->-r requirements.txt (line 11))\n","timestamp":"2025-12-14T18:52:45.197473204Z"},{"message":"  Using cached certifi-2025.11.12-py3-none-any.whl.metadata (2.5 kB)\n","timestamp":"2025-12-14T18:52:45.199715749Z"},{"message":"Collecting httpcore==1.* (from httpx==0.25.2->-r requirements.txt (line 11))\n","timestamp":"2025-12-14T18:52:45.229519876Z"},{"message":"  Using cached httpcore-1.0.9-py3-none-any.whl.metadata (21 kB)\n","timestamp":"2025-12-14T18:52:45.231502361Z"},{"message":"Collecting idna (from httpx==0.25.2->-r requirements.txt (line 11))\n","timestamp":"2025-12-14T18:52:45.249738182Z"},{"message":"  Using cached idna-3.11-py3-none-any.whl.metadata (8.4 kB)\n","timestamp":"2025-12-14T18:52:45.251425984Z"},{"message":"Collecting sniffio (from httpx==0.25.2->-r requirements.txt (line 11))\n","timestamp":"2025-12-14T18:52:45.266595224Z"},{"message":"  Downloading sniffio-1.3.1-py3-none-any.whl.metadata (3.9 kB)\n","timestamp":"2025-12-14T18:52:45.270607103Z"},{"message":"Collecting greenlet!=0.4.17 (from sqlalchemy==2.0.23->-r requirements.txt (line 5))\n","timestamp":"2025-12-14T18:52:45.292729085Z"},{"message":"  Downloading greenlet-3.0.1.tar.gz (174 kB)\n","timestamp":"2025-12-14T18:52:45.297932142Z"},{"message":"  Installing build dependencies: started\n","timestamp":"2025-12-14T18:52:45.352742289Z"},{"message":"  Installing build dependencies: finished with status 'done'\n","timestamp":"2025-12-14T18:52:46.384734343Z"},{"message":"  Getting requirements to build wheel: started\n","timestamp":"2025-12-14T18:52:46.385567172Z"},{"message":"  Getting requirements to build wheel: finished with status 'done'\n","timestamp":"2025-12-14T18:52:47.00775602Z"},{"message":"  Preparing metadata (pyproject.toml): started\n","timestamp":"2025-12-14T18:52:47.009203132Z"},{"message":"  Preparing metadata (pyproject.toml): finished with status 'done'\n","timestamp":"2025-12-14T18:52:47.668184513Z"},{"message":"Collecting pyee==11.0.1 (from playwright==1.40.0->-r requirements.txt (line 18))\n","timestamp":"2025-12-14T18:52:47.685357139Z"},{"message":"  Downloading pyee-11.0.1-py3-none-any.whl.metadata (2.7 kB)\n","timestamp":"2025-12-14T18:52:47.694450472Z"},{"message":"Collecting httptools>=0.5.0 (from uvicorn[standard]==0.24.0->-r requirements.txt (line 3))\n","timestamp":"2025-12-14T18:52:47.728609104Z"},{"message":"  Downloading httptools-0.7.1-cp313-cp313-manylinux1_x86_64.manylinux_2_28_x86_64.manylinux_2_5_x86_64.whl.metadata (3.5 kB)\n","timestamp":"2025-12-14T18:52:47.746205675Z"},{"message":"Collecting python-dotenv>=0.13 (from uvicorn[standard]==0.24.0->-r requirements.txt (line 3))\n","timestamp":"2025-12-14T18:52:47.779565067Z"},{"message":"  Downloading python_dotenv-1.2.1-py3-none-any.whl.metadata (25 kB)\n","timestamp":"2025-12-14T18:52:47.792306945Z"},{"message":"Collecting pyyaml>=5.1 (from uvicorn[standard]==0.24.0->-r requirements.txt (line 3))\n","timestamp":"2025-12-14T18:52:47.824455781Z"},{"message":"  Downloading pyyaml-6.0.3-cp313-cp313-manylinux2014_x86_64.manylinux_2_17_x86_64.manylinux_2_28_x86_64.whl.metadata (2.4 kB)\n","timestamp":"2025-12-14T18:52:47.828256163Z"},{"message":"Collecting uvloop!=0.15.0,!=0.15.1,>=0.14.0 (from uvicorn[standard]==0.24.0->-r requirements.txt (line 3))\n","timestamp":"2025-12-14T18:52:47.862432992Z"},{"message":"  Downloading uvloop-0.22.1-cp313-cp313-manylinux2014_x86_64.manylinux_2_17_x86_64.manylinux_2_28_x86_64.whl.metadata (4.9 kB)\n","timestamp":"2025-12-14T18:52:47.868857682Z"},{"message":"Collecting watchfiles>=0.13 (from uvicorn[standard]==0.24.0->-r requirements.txt (line 3))\n","timestamp":"2025-12-14T18:52:47.926330073Z"},{"message":"  Downloading watchfiles-1.1.1-cp313-cp313-manylinux_2_17_x86_64.manylinux2014_x86_64.whl.metadata (4.9 kB)\n","timestamp":"2025-12-14T18:52:47.932927632Z"},{"message":"Collecting MarkupSafe>=0.9.2 (from Mako->alembic==1.12.1->-r requirements.txt (line 6))\n","timestamp":"2025-12-14T18:52:48.000412686Z"},{"message":"  Downloading markupsafe-3.0.3-cp313-cp313-manylinux2014_x86_64.manylinux_2_17_x86_64.manylinux_2_28_x86_64.whl.metadata (2.7 kB)\n","timestamp":"2025-12-14T18:52:48.004640039Z"},{"message":"Downloading fastapi-0.104.1-py3-none-any.whl (92 kB)\n","timestamp":"2025-12-14T18:52:48.015535836Z"},{"message":"Downloading pydantic-2.5.0-py3-none-any.whl (407 kB)\n","timestamp":"2025-12-14T18:52:48.024985705Z"},{"message":"Downloading uvicorn-0.24.0-py3-none-any.whl (59 kB)\n","timestamp":"2025-12-14T18:52:48.035203546Z"},{"message":"Downloading SQLAlchemy-2.0.23-py3-none-any.whl (1.9 MB)\n","timestamp":"2025-12-14T18:52:48.04308424Z"},{"message":"   ‚îÅ‚îÅ‚îÅ‚îÅ‚îÅ‚îÅ‚îÅ‚îÅ‚îÅ‚îÅ‚îÅ‚îÅ‚îÅ‚îÅ‚îÅ‚îÅ‚îÅ‚îÅ‚îÅ‚îÅ‚îÅ‚îÅ‚îÅ‚îÅ‚îÅ‚îÅ‚îÅ‚îÅ‚îÅ‚îÅ‚îÅ‚îÅ‚îÅ‚îÅ‚îÅ‚îÅ‚îÅ‚îÅ‚îÅ‚îÅ 1.9/1.9 MB 66.0 MB/s  0:00:00\n","timestamp":"2025-12-14T18:52:48.070373775Z"},{"message":"Downloading alembic-1.12.1-py3-none-any.whl (226 kB)\n","timestamp":"2025-12-14T18:52:48.073870982Z"},{"message":"Downloading pytest-7.4.3-py3-none-any.whl (325 kB)\n","timestamp":"2025-12-14T18:52:48.084476775Z"},{"message":"Downloading pytest_asyncio-0.21.1-py3-none-any.whl (13 kB)\n","timestamp":"2025-12-14T18:52:48.094862317Z"},{"message":"Downloading httpx-0.25.2-py3-none-any.whl (74 kB)\n","timestamp":"2025-12-14T18:52:48.102793738Z"},{"message":"Downloading websockets-12.0-py3-none-any.whl (118 kB)\n","timestamp":"2025-12-14T18:52:48.110965659Z"},{"message":"Downloading aiosqlite-0.19.0-py3-none-any.whl (15 kB)\n","timestamp":"2025-12-14T18:52:48.118596668Z"},{"message":"Downloading playwright-1.40.0-py3-none-manylinux1_x86_64.whl (37.2 MB)\n","timestamp":"2025-12-14T18:52:48.127797964Z"},{"message":"   ‚îÅ‚îÅ‚îÅ‚îÅ‚îÅ‚îÅ‚îÅ‚îÅ‚îÅ‚îÅ‚îÅ‚îÅ‚îÅ‚îÅ‚îÅ‚îÅ‚îÅ‚îÅ‚îÅ‚îÅ‚îÅ‚îÅ‚îÅ‚îÅ‚îÅ‚îÅ‚îÅ‚îÅ‚îÅ‚îÅ‚îÅ‚îÅ‚îÅ‚îÅ‚îÅ‚îÅ‚îÅ‚îÅ‚îÅ‚îÅ 37.2/37.2 MB 70.5 MB/s  0:00:00","timestamp":"2025-12-14T18:52:48.657685063Z"},{"message":"","timestamp":"2025-12-14T18:52:48.658714948Z"},{"message":"Downloading pyee-11.0.1-py3-none-any.whl (15 kB)\n","timestamp":"2025-12-14T18:52:48.672004628Z"},{"message":"Downloading anyio-3.7.1-py3-none-any.whl (80 kB)\n","timestamp":"2025-12-14T18:52:48.690315071Z"},{"message":"Using cached httpcore-1.0.9-py3-none-any.whl (78 kB)\n","timestamp":"2025-12-14T18:52:48.699326942Z"},{"message":"Downloading pluggy-1.6.0-py3-none-any.whl (20 kB)\n","timestamp":"2025-12-14T18:52:48.703492282Z"},{"message":"Downloading starlette-0.27.0-py3-none-any.whl (66 kB)\n","timestamp":"2025-12-14T18:52:48.710827247Z"},{"message":"Downloading annotated_types-0.7.0-py3-none-any.whl (13 kB)\n","timestamp":"2025-12-14T18:52:48.718075122Z"},{"message":"Downloading click-8.3.1-py3-none-any.whl (108 kB)\n","timestamp":"2025-12-14T18:52:48.725112641Z"},{"message":"Using cached h11-0.16.0-py3-none-any.whl (37 kB)\n","timestamp":"2025-12-14T18:52:48.732937932Z"},{"message":"Downloading httptools-0.7.1-cp313-cp313-manylinux1_x86_64.manylinux_2_28_x86_64.manylinux_2_5_x86_64.whl (478 kB)\n","timestamp":"2025-12-14T18:52:48.742255021Z"},{"message":"Using cached idna-3.11-py3-none-any.whl (71 kB)\n","timestamp":"2025-12-14T18:52:48.751568425Z"},{"message":"Downloading python_dotenv-1.2.1-py3-none-any.whl (21 kB)\n","timestamp":"2025-12-14T18:52:48.756112723Z"},{"message":"Downloading pyyaml-6.0.3-cp313-cp313-manylinux2014_x86_64.manylinux_2_17_x86_64.manylinux_2_28_x86_64.whl (801 kB)\n","timestamp":"2025-12-14T18:52:48.763156021Z"},{"message":"   ‚îÅ‚îÅ‚îÅ‚îÅ‚îÅ‚îÅ‚îÅ‚îÅ‚îÅ‚îÅ‚îÅ‚îÅ‚îÅ‚îÅ‚îÅ‚îÅ‚îÅ‚îÅ‚îÅ‚îÅ‚îÅ‚îÅ‚îÅ‚îÅ‚îÅ‚îÅ‚îÅ‚îÅ‚îÅ‚îÅ‚îÅ‚îÅ‚îÅ‚îÅ‚îÅ‚îÅ‚îÅ‚îÅ‚îÅ‚îÅ 801.6/801.6 kB 66.9 MB/s  0:00:00","timestamp":"2025-12-14T18:52:48.775068044Z"},{"message":"","timestamp":"2025-12-14T18:52:48.775308384Z"},{"message":"Downloading sniffio-1.3.1-py3-none-any.whl (10 kB)\n","timestamp":"2025-12-14T18:52:48.780028336Z"},{"message":"Using cached typing_extensions-4.15.0-py3-none-any.whl (44 kB)\n","timestamp":"2025-12-14T18:52:48.784581447Z"},{"message":"Downloading uvloop-0.22.1-cp313-cp313-manylinux2014_x86_64.manylinux_2_17_x86_64.manylinux_2_28_x86_64.whl (4.4 MB)\n","timestamp":"2025-12-14T18:52:48.791835401Z"},{"message":"   ‚îÅ‚îÅ‚îÅ‚îÅ‚îÅ‚îÅ‚îÅ‚îÅ‚îÅ‚îÅ‚îÅ‚îÅ‚îÅ‚îÅ‚îÅ‚îÅ‚îÅ‚îÅ‚îÅ‚îÅ‚îÅ‚îÅ‚îÅ‚îÅ‚îÅ‚îÅ‚îÅ‚îÅ‚îÅ‚îÅ‚îÅ‚îÅ‚îÅ‚îÅ‚îÅ‚îÅ‚îÅ‚îÅ‚îÅ‚îÅ 4.4/4.4 MB 72.6 MB/s  0:00:00","timestamp":"2025-12-14T18:52:48.852116016Z"},{"message":"","timestamp":"2025-12-14T18:52:48.852151539Z"},{"message":"Downloading watchfiles-1.1.1-cp313-cp313-manylinux_2_17_x86_64.manylinux2014_x86_64.whl (456 kB)\n","timestamp":"2025-12-14T18:52:48.859000505Z"},{"message":"Using cached certifi-2025.11.12-py3-none-any.whl (159 kB)\n","timestamp":"2025-12-14T18:52:48.866207759Z"},{"message":"Downloading iniconfig-2.3.0-py3-none-any.whl (7.5 kB)\n","timestamp":"2025-12-14T18:52:48.869927861Z"},{"message":"Downloading mako-1.3.10-py3-none-any.whl (78 kB)\n","timestamp":"2025-12-14T18:52:48.876892621Z"},{"message":"Downloading markupsafe-3.0.3-cp313-cp313-manylinux2014_x86_64.manylinux_2_17_x86_64.manylinux_2_28_x86_64.whl (22 kB)\n","timestamp":"2025-12-14T18:52:48.884985643Z"},{"message":"Downloading packaging-25.0-py3-none-any.whl (66 kB)\n","timestamp":"2025-12-14T18:52:48.890558926Z"},{"message":"Building wheels for collected packages: greenlet, pydantic-core\n","timestamp":"2025-12-14T18:52:48.954796207Z"},{"message":"  Building wheel for greenlet (pyproject.toml): started\n","timestamp":"2025-12-14T18:52:48.955554574Z"},{"message":"  Building wheel for greenlet (pyproject.toml): finished with status 'error'\n","timestamp":"2025-12-14T18:52:50.452750007Z"},{"message":"  error: subprocess-exited-with-error\n  \n  √ó Building wheel for greenlet (pyproject.toml) did not run successfully.\n  ‚îÇ exit code: 1\n  ‚ï∞‚îÄ> [226 lines of output]\n      /tmp/pip-build-env-368ngfkk/overlay/lib/python3.13/site-packages/setuptools/dist.py:759: SetuptoolsDeprecationWarning: License classifiers are deprecated.\n      !!\n      \n              ********************************************************************************\n              Please consider removing the following classifiers in favor of a SPDX license expression:\n      \n              License :: OSI Approved :: MIT License\n      \n              See https://packaging.python.org/en/latest/guides/writing-pyproject-toml/#license for details.\n              ********************************************************************************\n      \n      !!\n        self._finalize_license_expression()\n      running bdist_wheel\n      running build\n      running build_py\n      creating build/lib.linux-x86_64-cpython-313/greenlet\n      copying src/greenlet/__init__.py -> build/lib.linux-x86_64-cpython-313/greenlet\n      creating build/lib.linux-x86_64-cpython-313/greenlet/tests\n      copying src/greenlet/tests/test_leaks.py -> build/lib.linux-x86_64-cpython-313/greenlet/tests\n      copying src/greenlet/tests/test_stack_saved.py -> build/lib.linux-x86_64-cpython-313/greenlet/tests\n      copying src/greenlet/tests/test_generator.py -> build/lib.linux-x86_64-cpython-313/greenlet/tests\n      copying src/greenlet/tests/fail_switch_three_greenlets2.py -> build/lib.linux-x86_64-cpython-313/greenlet/tests\n      copying src/greenlet/tests/test_generator_nested.py -> build/lib.linux-x86_64-cpython-313/greenlet/tests\n      copying src/greenlet/tests/test_greenlet_trash.py -> build/lib.linux-x86_64-cpython-313/greenlet/tests\n      copying src/greenlet/tests/fail_slp_switch.py -> build/lib.linux-x86_64-cpython-313/greenlet/tests\n      copying src/greenlet/tests/test_weakref.py -> build/lib.linux-x86_64-cpython-313/greenlet/tests\n      copying src/greenlet/tests/fail_switch_three_greenlets.py -> build/lib.linux-x86_64-cpython-313/greenlet/tests\n      copying src/greenlet/tests/test_greenlet.py -> build/lib.linux-x86_64-cpython-313/greenlet/tests\n      copying src/greenlet/tests/test_cpp.py -> build/lib.linux-x86_64-cpython-313/greenlet/tests\n      copying src/greenlet/tests/fail_initialstub_already_started.py -> build/lib.linux-x86_64-cpython-313/greenlet/tests\n      copying src/greenlet/tests/leakcheck.py -> build/lib.linux-x86_64-cpython-313/greenlet/tests\n      copying src/greenlet/tests/fail_cpp_exception.py -> build/lib.linux-x86_64-cpython-313/greenlet/tests\n      copying src/greenlet/tests/test_throw.py -> build/lib.linux-x86_64-cpython-313/greenlet/tests\n      copying src/greenlet/tests/test_extension_interface.py -> build/lib.linux-x86_64-cpython-313/greenlet/tests\n      copying src/greenlet/tests/test_tracing.py -> build/lib.linux-x86_64-cpython-313/greenlet/tests\n      copying src/greenlet/tests/fail_clearing_run_switches.py -> build/lib.linux-x86_64-cpython-313/greenlet/tests\n      copying src/greenlet/tests/test_contextvars.py -> build/lib.linux-x86_64-cpython-313/greenlet/tests\n      copying src/greenlet/tests/test_gc.py -> build/lib.linux-x86_64-cpython-313/greenlet/tests\n      copying src/greenlet/tests/fail_switch_two_greenlets.py -> build/lib.linux-x86_64-cpython-313/greenlet/tests\n      copying src/greenlet/tests/__init__.py -> build/lib.linux-x86_64-cpython-313/greenlet/tests\n      copying src/greenlet/tests/test_version.py -> build/lib.linux-x86_64-cpython-313/greenlet/tests\n      creating build/lib.linux-x86_64-cpython-313/greenlet/platform\n      copying src/greenlet/platform/__init__.py -> build/lib.linux-x86_64-cpython-313/greenlet/platform\n      running egg_info\n      writing src/greenlet.egg-info/PKG-INFO\n      writing dependency_links to src/greenlet.egg-info/dependency_links.txt\n      writing requirements to src/greenlet.egg-info/requires.txt\n      writing top-level names to src/greenlet.egg-info/top_level.txt\n      reading manifest file 'src/greenlet.egg-info/SOURCES.txt'\n      reading manifest template 'MANIFEST.in'\n      warning: no previously-included files found matching 'benchmarks/*.json'\n      no previously-included directories found matching 'docs/_build'\n      warning: no files found matching '*.py' under directory 'appveyor'\n      warning: no previously-included files matching '*.pyc' found anywhere in distribution\n      warning: no previously-included files matching '*.pyd' found anywhere in distribution\n      warning: no previously-included files matching '*.so' found anywhere in distribution\n      warning: no previously-included files matching '.coverage' found anywhere in distribution\n      adding license file 'LICENSE'\n      adding license file 'LICENSE.PSF'\n      adding license file 'AUTHORS'\n      writing manifest file 'src/greenlet.egg-info/SOURCES.txt'\n      copying src/greenlet/TBrokenGreenlet.cpp -> build/lib.linux-x86_64-cpython-313/greenlet\n      copying src/greenlet/TExceptionState.cpp -> build/lib.linux-x86_64-cpython-313/greenlet\n      copying src/greenlet/TGreenlet.cpp -> build/lib.linux-x86_64-cpython-313/greenlet\n      copying src/greenlet/TGreenletGlobals.cpp -> build/lib.linux-x86_64-cpython-313/greenlet\n      copying src/greenlet/TMainGreenlet.cpp -> build/lib.linux-x86_64-cpython-313/greenlet\n      copying src/greenlet/TPythonState.cpp -> build/lib.linux-x86_64-cpython-313/greenlet\n      copying src/greenlet/TStackState.cpp -> build/lib.linux-x86_64-cpython-313/greenlet\n      copying src/greenlet/TThreadStateDestroy.cpp -> build/lib.linux-x86_64-cpython-313/greenlet\n      copying src/greenlet/TUserGreenlet.cpp -> build/lib.linux-x86_64-cpython-313/greenlet\n      copying src/greenlet/greenlet.cpp -> build/lib.linux-x86_64-cpython-313/greenlet\n      copying src/greenlet/greenlet.h -> build/lib.linux-x86_64-cpython-313/greenlet\n      copying src/greenlet/greenlet_allocator.hpp -> build/lib.linux-x86_64-cpython-313/greenlet\n      copying src/greenlet/greenlet_compiler_compat.hpp -> build/lib.linux-x86_64-cpython-313/greenlet\n      copying src/greenlet/greenlet_cpython_add_pending.hpp -> build/lib.linux-x86_64-cpython-313/greenlet\n      copying src/greenlet/greenlet_cpython_compat.hpp -> build/lib.linux-x86_64-cpython-313/greenlet\n      copying src/greenlet/greenlet_exceptions.hpp -> build/lib.linux-x86_64-cpython-313/greenlet\n      copying src/greenlet/greenlet_greenlet.hpp -> build/lib.linux-x86_64-cpython-313/greenlet\n      copying src/greenlet/greenlet_internal.hpp -> build/lib.linux-x86_64-cpython-313/greenlet\n      copying src/greenlet/greenlet_refs.hpp -> build/lib.linux-x86_64-cpython-313/greenlet\n      copying src/greenlet/greenlet_slp_switch.hpp -> build/lib.linux-x86_64-cpython-313/greenlet\n      copying src/greenlet/greenlet_thread_state.hpp -> build/lib.linux-x86_64-cpython-313/greenlet\n      copying src/greenlet/greenlet_thread_state_dict_cleanup.hpp -> build/lib.linux-x86_64-cpython-313/greenlet\n      copying src/greenlet/greenlet_thread_support.hpp -> build/lib.linux-x86_64-cpython-313/greenlet\n      copying src/greenlet/slp_platformselect.h -> build/lib.linux-x86_64-cpython-313/greenlet\n      copying src/greenlet/tests/_test_extension.c -> build/lib.linux-x86_64-cpython-313/greenlet/tests\n      copying src/greenlet/tests/_test_extension_cpp.cpp -> build/lib.linux-x86_64-cpython-313/greenlet/tests\n      copying src/greenlet/platform/setup_switch_x64_masm.cmd -> build/lib.linux-x86_64-cpython-313/greenlet/platform\n      copying src/greenlet/platform/switch_aarch64_gcc.h -> build/lib.linux-x86_64-cpython-313/greenlet/platform\n      copying src/greenlet/platform/switch_alpha_unix.h -> build/lib.linux-x86_64-cpython-313/greenlet/platform\n      copying src/greenlet/platform/switch_amd64_unix.h -> build/lib.linux-x86_64-cpython-313/greenlet/platform\n      copying src/greenlet/platform/switch_arm32_gcc.h -> build/lib.linux-x86_64-cpython-313/greenlet/platform\n      copying src/greenlet/platform/switch_arm32_ios.h -> build/lib.linux-x86_64-cpython-313/greenlet/platform\n      copying src/greenlet/platform/switch_arm64_masm.asm -> build/lib.linux-x86_64-cpython-313/greenlet/platform\n      copying src/greenlet/platform/switch_arm64_masm.obj -> build/lib.linux-x86_64-cpython-313/greenlet/platform\n      copying src/greenlet/platform/switch_arm64_msvc.h -> build/lib.linux-x86_64-cpython-313/greenlet/platform\n      copying src/greenlet/platform/switch_csky_gcc.h -> build/lib.linux-x86_64-cpython-313/greenlet/platform\n      copying src/greenlet/platform/switch_loongarch64_linux.h -> build/lib.linux-x86_64-cpython-313/greenlet/platform\n      copying src/greenlet/platform/switch_m68k_gcc.h -> build/lib.linux-x86_64-cpython-313/greenlet/platform\n      copying src/greenlet/platform/switch_mips_unix.h -> build/lib.linux-x86_64-cpython-313/greenlet/platform\n      copying src/greenlet/platform/switch_ppc64_aix.h -> build/lib.linux-x86_64-cpython-313/greenlet/platform\n      copying src/greenlet/platform/switch_ppc64_linux.h -> build/lib.linux-x86_64-cpython-313/greenlet/platform\n      copying src/greenlet/platform/switch_ppc_aix.h -> build/lib.linux-x86_64-cpython-313/greenlet/platform\n      copying src/greenlet/platform/switch_ppc_linux.h -> build/lib.linux-x86_64-cpython-313/greenlet/platform\n      copying src/greenlet/platform/switch_ppc_macosx.h -> build/lib.linux-x86_64-cpython-313/greenlet/platform\n      copying src/greenlet/platform/switch_ppc_unix.h -> build/lib.linux-x86_64-cpython-313/greenlet/platform\n      copying src/greenlet/platform/switch_riscv_unix.h -> build/lib.linux-x86_64-cpython-313/greenlet/platform\n      copying src/greenlet/platform/switch_s390_unix.h -> build/lib.linux-x86_64-cpython-313/greenlet/platform\n      copying src/greenlet/platform/switch_sparc_sun_gcc.h -> build/lib.linux-x86_64-cpython-313/greenlet/platform\n      copying src/greenlet/platform/switch_x32_unix.h -> build/lib.linux-x86_64-cpython-313/greenlet/platform\n      copying src/greenlet/platform/switch_x64_masm.asm -> build/lib.linux-x86_64-cpython-313/greenlet/platform\n      copying src/greenlet/platform/switch_x64_masm.obj -> build/lib.linux-x86_64-cpython-313/greenlet/platform\n      copying src/greenlet/platform/switch_x64_msvc.h -> build/lib.linux-x86_64-cpython-313/greenlet/platform\n      copying src/greenlet/platform/switch_x86_msvc.h -> build/lib.linux-x86_64-cpython-313/greenlet/platform\n      copying src/greenlet/platform/switch_x86_unix.h -> build/lib.linux-x86_64-cpython-313/greenlet/platform\n      warning: build_py: byte-compiling is disabled, skipping.\n      \n      running build_ext\n      building 'greenlet._greenlet' extension\n      creating build/temp.linux-x86_64-cpython-313/src/greenlet\n      c++ -pthread -fno-strict-overflow -Wsign-compare -Wunreachable-code -DNDEBUG -g -O3 -Wall -O3 -fPIC -fPIC -I/app/.venv/include -I/mise/installs/python/3.13.11/include/python3.13 -c src/greenlet/greenlet.cpp -o build/temp.linux-x86_64-cpython-313/src/greenlet/greenlet.o\n      In file included from src/greenlet/greenlet_greenlet.hpp:26,\n                       from src/greenlet/greenlet_internal.hpp:20,\n                       from src/greenlet/greenlet.cpp:19:\n      /mise/installs/python/3.13.11/include/python3.13/internal/pycore_frame.h:8:4: error: #error \"this header requires Py_BUILD_CORE define\"\n          8 | #  error \"this header requires Py_BUILD_CORE define\"\n            |    ^~~~~\n      In file included from /mise/installs/python/3.13.11/include/python3.13/internal/pycore_frame.h:13:\n      /mise/installs/python/3.13.11/include/python3.13/internal/pycore_code.h:8:4: error: #error \"this header requires Py_BUILD_CORE define\"\n          8 | #  error \"this header requires Py_BUILD_CORE define\"\n            |    ^~~~~\n      In file included from /mise/installs/python/3.13.11/include/python3.13/internal/pycore_code.h:11:\n      /mise/installs/python/3.13.11/include/python3.13/internal/pycore_lock.h:13:4: error: #error \"this header requires Py_BUILD_CORE define\"\n         13 | #  error \"this header requires Py_BUILD_CORE define\"\n            |    ^~~~~\n      In file included from /mise/installs/python/3.13.11/include/python3.13/internal/pycore_code.h:12:\n      /mise/installs/python/3.13.11/include/python3.13/internal/pycore_backoff.h:9:4: error: #error \"this header requires Py_BUILD_CORE define\"\n          9 | #  error \"this header requires Py_BUILD_CORE define\"\n            |    ^~~~~\n      In file included from /mise/installs/python/3.13.11/include/python3.13/internal/pycore_pymem.h:4,\n                       from /mise/installs/python/3.13.11/include/python3.13/internal/pycore_frame.h:14:\n      /mise/installs/python/3.13.11/include/python3.13/internal/pycore_llist.h:31:4: error: #error \"Py_BUILD_CORE must be defined to include this header\"\n         31 | #  error \"Py_BUILD_CORE must be defined to include this header\"\n            |    ^~~~~\n      /mise/installs/python/3.13.11/include/python3.13/internal/pycore_pymem.h:12:4: error: #error \"this header requires Py_BUILD_CORE define\"\n         12 | #  error \"this header requires Py_BUILD_CORE define\"\n            |    ^~~~~\n      src/greenlet/greenlet_greenlet.hpp:104:9: error: ‚Äò_PyCFrame‚Äô does not name a type; did you mean ‚Äò_frame‚Äô?\n        104 |         _PyCFrame* cframe;\n            |         ^~~~~~~~~\n            |         _frame\n      src/greenlet/greenlet_greenlet.hpp:138:29: error: ‚Äò_PyCFrame‚Äô has not been declared\n        138 |         void set_new_cframe(_PyCFrame& frame) noexcept;\n            |                             ^~~~~~~~~\n      In file included from src/greenlet/greenlet.cpp:33:\n      src/greenlet/TUserGreenlet.cpp: In member function ‚Äòvirtual greenlet::Greenlet::switchstack_result_t greenlet::UserGreenlet::g_initialstub(void*)‚Äô:\n      src/greenlet/TUserGreenlet.cpp:280:5: error: ‚Äò_PyCFrame‚Äô was not declared in this scope; did you mean ‚Äò_frame‚Äô?\n        280 |     _PyCFrame trace_info;\n            |     ^~~~~~~~~\n            |     _frame\n      src/greenlet/TUserGreenlet.cpp:282:39: error: ‚Äòtrace_info‚Äô was not declared in this scope\n        282 |     this->python_state.set_new_cframe(trace_info);\n            |                                       ^~~~~~~~~~\n      In file included from src/greenlet/greenlet.cpp:36:\n      src/greenlet/TPythonState.cpp: In constructor ‚Äògreenlet::PythonState::PythonState()‚Äô:\n      src/greenlet/TPythonState.cpp:12:6: error: class ‚Äògreenlet::PythonState‚Äô does not have any field named ‚Äòcframe‚Äô\n         12 |     ,cframe(nullptr)\n            |      ^~~~~~\n      src/greenlet/TPythonState.cpp:82:11: error: ‚Äòclass greenlet::PythonState‚Äô has no member named ‚Äòcframe‚Äô\n         82 |     this->cframe = &PyThreadState_GET()->root_cframe;\n            |           ^~~~~~\n      src/greenlet/TPythonState.cpp:82:42: error: ‚ÄòPyThreadState‚Äô {aka ‚Äòstruct _ts‚Äô} has no member named ‚Äòroot_cframe‚Äô\n         82 |     this->cframe = &PyThreadState_GET()->root_cframe;\n            |                                          ^~~~~~~~~~~\n      src/greenlet/TPythonState.cpp: In member function ‚Äòvoid greenlet::PythonState::operator<<(const PyThreadState*)‚Äô:\n      src/greenlet/TPythonState.cpp:128:11: error: ‚Äòclass greenlet::PythonState‚Äô has no member named ‚Äòcframe‚Äô\n        128 |     this->cframe = tstate->cframe;\n            |           ^~~~~~\n      src/greenlet/TPythonState.cpp:128:28: error: ‚Äòconst PyThreadState‚Äô {aka ‚Äòconst struct _ts‚Äô} has no member named ‚Äòcframe‚Äô\n        128 |     this->cframe = tstate->cframe;\n            |                            ^~~~~~\n      src/greenlet/TPythonState.cpp:136:31: error: ‚ÄòC_RECURSION_LIMIT‚Äô was not declared in this scope; did you mean ‚ÄòPy_C_RECURSION_LIMIT‚Äô?\n        136 |     this->c_recursion_depth = C_RECURSION_LIMIT - tstate->c_recursion_remaining;\n            |                               ^~~~~~~~~~~~~~~~~\n            |                               Py_C_RECURSION_LIMIT\n      src/greenlet/TPythonState.cpp:140:35: error: ‚Äòconst PyThreadState‚Äô {aka ‚Äòconst struct _ts‚Äô} has no member named ‚Äòcframe‚Äô\n        140 |     this->current_frame = tstate->cframe->current_frame;\n            |                                   ^~~~~~\n      src/greenlet/TPythonState.cpp:156:42: error: ‚Äòconst PyThreadState‚Äô {aka ‚Äòconst struct _ts‚Äô} has no member named ‚Äòtrash‚Äô\n        156 |     this->trash_delete_nesting = tstate->trash.delete_nesting;\n            |                                          ^~~~~\n      src/greenlet/TPythonState.cpp: In member function ‚Äòvoid greenlet::PythonState::operator>>(PyThreadState*)‚Äô:\n      src/greenlet/TPythonState.cpp:175:13: error: ‚ÄòPyThreadState‚Äô {aka ‚Äòstruct _ts‚Äô} has no member named ‚Äòcframe‚Äô\n        175 |     tstate->cframe = this->cframe;\n            |             ^~~~~~\n      src/greenlet/TPythonState.cpp:175:28: error: ‚Äòclass greenlet::PythonState‚Äô has no member named ‚Äòcframe‚Äô\n        175 |     tstate->cframe = this->cframe;\n            |                            ^~~~~~\n      src/greenlet/TPythonState.cpp:189:37: error: ‚ÄòC_RECURSION_LIMIT‚Äô was not declared in this scope; did you mean ‚ÄòPy_C_RECURSION_LIMIT‚Äô?\n        189 |     tstate->c_recursion_remaining = C_RECURSION_LIMIT - this->c_recursion_depth;\n            |                                     ^~~~~~~~~~~~~~~~~\n            |                                     Py_C_RECURSION_LIMIT\n      src/greenlet/TPythonState.cpp:200:13: error: ‚ÄòPyThreadState‚Äô {aka ‚Äòstruct _ts‚Äô} has no member named ‚Äòcframe‚Äô\n        200 |     tstate->cframe->current_frame = this->current_frame;\n            |             ^~~~~~\n      src/greenlet/TPythonState.cpp:206:13: error: ‚ÄòPyThreadState‚Äô {aka ‚Äòstruct _ts‚Äô} has no member named ‚Äòtrash‚Äô\n        206 |     tstate->trash.delete_nesting = this->trash_delete_nesting;\n            |             ^~~~~\n      src/greenlet/TPythonState.cpp: At global scope:\n      src/greenlet/TPythonState.cpp:266:6: error: variable or field ‚Äòset_new_cframe‚Äô declared void\n        266 | void PythonState::set_new_cframe(_PyCFrame& frame) noexcept\n            |      ^~~~~~~~~~~\n      src/greenlet/TPythonState.cpp:266:34: error: ‚Äò_PyCFrame‚Äô was not declared in this scope; did you mean ‚Äò_frame‚Äô?\n        266 | void PythonState::set_new_cframe(_PyCFrame& frame) noexcept\n            |                                  ^~~~~~~~~\n            |                                  _frame\n      src/greenlet/TPythonState.cpp:266:45: error: ‚Äòframe‚Äô was not declared in this scope; did you mean ‚Äò_frame‚Äô?\n        266 | void PythonState::set_new_cframe(_PyCFrame& frame) noexcept\n            |                                             ^~~~~\n            |                                             _frame\n      src/greenlet/greenlet.cpp: In function ‚ÄòPyObject* mod_get_tstate_trash_delete_nesting(PyObject*)‚Äô:\n      src/greenlet/greenlet.cpp:1340:36: error: ‚ÄòPyThreadState‚Äô {aka ‚Äòstruct _ts‚Äô} has no member named ‚Äòtrash‚Äô\n       1340 |     return PyLong_FromLong(tstate->trash.delete_nesting);\n            |                                    ^~~~~\n      error: command '/usr/bin/c++' failed with exit code 1\n      [end of output]\n  \n  note: This error originates from a subprocess, and is likely not a problem with pip.\n","timestamp":"2025-12-14T18:52:50.473125227Z"},{"message":"  ERROR: Failed building wheel for greenlet\n","timestamp":"2025-12-14T18:52:50.473683345Z"},{"message":"  Building wheel for pydantic-core (pyproject.toml): started\n","timestamp":"2025-12-14T18:52:50.475351067Z"},{"message":"  Building wheel for pydantic-core (pyproject.toml): finished with status 'error'\n","timestamp":"2025-12-14T18:52:58.325571256Z"},{"message":"  error: subprocess-exited-with-error\n  \n  √ó Building wheel for pydantic-core (pyproject.toml) did not run successfully.\n  ‚îÇ exit code: 1\n  ‚ï∞‚îÄ> [130 lines of output]\n      Running `maturin pep517 build-wheel -i /app/.venv/bin/python --compatibility off`\n      Rust not found, installing into a temporary directory\n      Python reports SOABI: cpython-313-x86_64-linux-gnu\n      Computed rustc target triple: x86_64-unknown-linux-gnu\n      Installation directory: /root/.cache/puccinialin\n      Rustup already downloaded\n      Installing rust to /root/.cache/puccinialin/rustup\n      warn: It looks like you have an existing rustup settings file at:\n      warn: /root/.rustup/settings.toml\n      warn: Rustup will install the default toolchain as specified in the settings file,\n      warn: instead of the one inferred from the default host triple.\n      info: profile set to 'minimal'\n      info: default host triple is x86_64-unknown-linux-gnu\n      warn: Updating existing toolchain, profile choice will be ignored\n      info: syncing channel updates for 'stable-x86_64-unknown-linux-gnu'\n      info: default toolchain set to 'stable-x86_64-unknown-linux-gnu'\n      Checking if cargo is installed\n      cargo 1.92.0 (344c4567c 2025-10-21)\n      üì¶ Including license file `LICENSE`\n      üçπ Building a mixed python/rust project\n      üîó Found pyo3 bindings\n      üêç Found CPython 3.13 at /app/.venv/bin/python\n      üì° Using build options features, bindings from pyproject.toml\n         Compiling autocfg v1.1.0\n         Compiling proc-macro2 v1.0.69\n         Compiling unicode-ident v1.0.10\n         Compiling quote v1.0.29\n         Compiling target-lexicon v0.12.9\n         Compiling python3-dll-a v0.2.9\n         Compiling once_cell v1.18.0\n         Compiling libc v0.2.147\n         Compiling heck v0.4.1\n         Compiling static_assertions v1.1.0\n         Compiling cfg-if v1.0.0\n         Compiling version_check v0.9.4\n         Compiling parking_lot_core v0.9.8\n         Compiling rustversion v1.0.13\n         Compiling smallvec v1.11.1\n         Compiling tinyvec_macros v0.1.1\n         Compiling scopeguard v1.1.0\n         Compiling serde v1.0.190\n         Compiling memchr v2.6.3\n         Compiling unicode-bidi v0.3.13\n         Compiling zerocopy v0.7.20\n         Compiling percent-encoding v2.3.0\n         Compiling regex-syntax v0.8.2\n         Compiling hashbrown v0.14.0\n         Compiling indoc v2.0.4\n         Compiling serde_json v1.0.108\n         Compiling unindent v0.2.3\n         Compiling equivalent v1.0.1\n         Compiling itoa v1.0.8\n         Compiling ryu v1.0.14\n         Compiling uuid v1.5.0\n         Compiling base64 v0.21.5\n         Compiling tinyvec v1.6.0\n         Compiling lexical-util v0.8.5\n         Compiling form_urlencoded v1.2.0\n         Compiling num-traits v0.2.16\n         Compiling lock_api v0.4.10\n         Compiling num-integer v0.1.45\n         Compiling memoffset v0.9.0\n         Compiling num-bigint v0.4.4\n         Compiling ahash v0.8.6\n         Compiling pyo3-build-config v0.20.0\n         Compiling aho-corasick v1.0.2\n         Compiling indexmap v2.0.0\n         Compiling getrandom v0.2.10\n         Compiling syn v2.0.38\n         Compiling lexical-parse-integer v0.8.6\n         Compiling lexical-write-integer v0.8.5\n         Compiling unicode-normalization v0.1.22\n         Compiling parking_lot v0.12.1\n         Compiling lexical-parse-float v0.8.5\n         Compiling lexical-write-float v0.8.5\n         Compiling idna v0.4.0\n         Compiling lexical-core v0.8.5\n         Compiling pyo3-ffi v0.20.0\n         Compiling pyo3 v0.20.0\n         Compiling pydantic-core v2.14.1 (/tmp/pip-install-g4mpka5q/pydantic-core_5f8f9cc0f1ed4e5194a07bda3e2185ca)\n         Compiling url v2.4.1\n         Compiling regex-automata v0.4.3\n      error: failed to run custom build command for `pydantic-core v2.14.1 (/tmp/pip-install-g4mpka5q/pydantic-core_5f8f9cc0f1ed4e5194a07bda3e2185ca)`\n      \n      Caused by:\n        process didn't exit successfully: `/tmp/pip-install-g4mpka5q/pydantic-core_5f8f9cc0f1ed4e5194a07bda3e2185ca/target/release/build/pydantic-core-721be12db66d735d/build-script-build` (exit status: 101)\n        --- stdout\n        cargo:rustc-cfg=Py_3_6\n        cargo:rustc-cfg=Py_3_7\n        cargo:rustc-cfg=Py_3_8\n        cargo:rustc-cfg=Py_3_9\n        cargo:rustc-cfg=Py_3_10\n        cargo:rustc-cfg=Py_3_11\n        cargo:rustc-cfg=Py_3_12\n        cargo:rustc-cfg=Py_3_13\n        cargo:rerun-if-changed=python/pydantic_core/core_schema.py\n        cargo:rerun-if-changed=generate_self_schema.py\n      \n        --- stderr\n        Traceback (most recent call last):\n          File \"/tmp/pip-install-g4mpka5q/pydantic-core_5f8f9cc0f1ed4e5194a07bda3e2185ca/generate_self_schema.py\", line 192, in eval_forward_ref\n            return type_._evaluate(core_schema.__dict__, None, set())\n                   ~~~~~~~~~~~~~~~^^^^^^^^^^^^^^^^^^^^^^^^^^^^^^^^^^^\n        TypeError: ForwardRef._evaluate() missing 1 required keyword-only argument: 'recursive_guard'\n      \n        During handling of the above exception, another exception occurred:\n      \n        Traceback (most recent call last):\n          File \"/tmp/pip-install-g4mpka5q/pydantic-core_5f8f9cc0f1ed4e5194a07bda3e2185ca/generate_self_schema.py\", line 240, in <module>\n            main()\n            ~~~~^^\n          File \"/tmp/pip-install-g4mpka5q/pydantic-core_5f8f9cc0f1ed4e5194a07bda3e2185ca/generate_self_schema.py\", line 210, in main\n            value = get_schema(s, definitions)\n          File \"/tmp/pip-install-g4mpka5q/pydantic-core_5f8f9cc0f1ed4e5194a07bda3e2185ca/generate_self_schema.py\", line 54, in get_schema\n            return type_dict_schema(obj, definitions)\n          File \"/tmp/pip-install-g4mpka5q/pydantic-core_5f8f9cc0f1ed4e5194a07bda3e2185ca/generate_self_schema.py\", line 152, in type_dict_schema\n            field_type = eval_forward_ref(field_type)\n          File \"/tmp/pip-install-g4mpka5q/pydantic-core_5f8f9cc0f1ed4e5194a07bda3e2185ca/generate_self_schema.py\", line 195, in eval_forward_ref\n            return type_._evaluate(core_schema.__dict__, None)\n                   ~~~~~~~~~~~~~~~^^^^^^^^^^^^^^^^^^^^^^^^^^^^\n        TypeError: ForwardRef._evaluate() missing 1 required keyword-only argument: 'recursive_guard'\n      \n        thread 'main' (1762) panicked at build.rs:29:9:\n        generate_self_schema.py failed with exit status: 1\n        note: run with `RUST_BACKTRACE=1` environment variable to display a backtrace\n      warning: build failed, waiting for other jobs to finish...\n      üí• maturin failed\n        Caused by: Failed to build a native library through cargo\n        Caused by: Cargo build finished with \"exit status: 101\": `env -u CARGO PYO3_BUILD_EXTENSION_MODULE=\"1\" PYO3_ENVIRONMENT_SIGNATURE=\"cpython-3.13-64bit\" PYO3_PYTHON=\"/app/.venv/bin/python\" PYTHON_SYS_EXECUTABLE=\"/app/.venv/bin/python\" \"cargo\" \"rustc\" \"--profile\" \"release\" \"--features\" \"pyo3/extension-module\" \"--message-format\" \"json-render-diagnostics\" \"--manifest-path\" \"/tmp/pip-install-g4mpka5q/pydantic-core_5f8f9cc0f1ed4e5194a07bda3e2185ca/Cargo.toml\" \"--lib\" \"--crate-type\" \"cdylib\"`\n      Error: command ['maturin', 'pep517', 'build-wheel', '-i', '/app/.venv/bin/python', '--compatibility', 'off'] returned non-zero exit status 1\n      [end of output]\n  \n  note: This error originates from a subprocess, and is likely not a problem with pip.\n","timestamp":"2025-12-14T18:52:58.330044377Z"},{"message":"  ERROR: Failed building wheel for pydantic-core\n","timestamp":"2025-12-14T18:52:58.330405299Z"},{"message":"Failed to build greenlet pydantic-core\n","timestamp":"2025-12-14T18:52:58.330575885Z"},{"message":"error: failed-wheel-build-for-install\n\n√ó Failed to build installable wheels for some pyproject.toml based projects\n‚ï∞‚îÄ> greenlet, pydantic-core\n","timestamp":"2025-12-14T18:52:58.331296967Z"},{"message":"pip install -r requirements.txt","timestamp":"2025-12-14T18:52:59.048512452Z"},{"message":"Build Failed: build daemon returned an error < failed to solve: process \"pip install -r requirements.txt\" did not complete successfully: exit code: 1 >","timestamp":"2025-12-14T18:52:59.076313835Z"}]